<?xml version="1.0" encoding="UTF-8"?>
<testsuite xmlns:xsi="http://www.w3.org/2001/XMLSchema-instance" xsi:noNamespaceSchemaLocation="https://maven.apache.org/surefire/maven-surefire-plugin/xsd/surefire-test-report-3.0.xsd" version="3.0" name="com.cargotracker.SeaRouteTest" time="0.144" tests="1" errors="0" skipped="0" failures="0">
  <properties>
[...]
</properties>
  <testcase name="testExtractionAndSeaRouting" classname="com.cargotracker.SeaRouteTest" time="0.143">
    <system-out><![CDATA[Instantiating SeaRouting(20)...
Successfully created SeaRouting instance!
Route feature result: eu.europa.ec.eurostat.jgiscotools.feature.Feature@5682849
Geometry type: org.locationtech.jts.geom.MultiLineString
Calculated Sea Distance Mumbai -> Tokyo: 10236.180187792337 km (5527.097145659787 NM)
]]></system-out>
  </testcase>
</testsuite>